<?xml version="1.0" encoding="UTF-8"?>
<testsuite xmlns:xsi="http://www.w3.org/2001/XMLSchema-instance" xsi:noNamespaceSchemaLocation="https://maven.apache.org/surefire/maven-surefire-plugin/xsd/surefire-test-report-3.0.xsd" version="3.0" name="br.com.acadtrack.bdd.CucumberTest" time="0.318" tests="16" errors="0" skipped="0" failures="0">
  <properties>
[...]
</properties>
  <testcase name="Calcular média com pesos definidos" classname="Calcular média ponderada" time="0.083">
    <system-out><![CDATA[
Scenario: Calcular mÃ©dia com pesos definidos &amp#27;[90m# features/calcular_media_ponderada.feature:3&amp#27;[0m
]]></system-out>
  </testcase>
  <testcase name="Não calcular média sem pesos definidos" classname="Calcular média ponderada" time="0.01">
    <system-out><![CDATA[
Scenario: NÃ£o calcular mÃ©dia sem pesos definidos &amp#27;[90m# features/calcular_media_ponderada.feature:8&amp#27;[0m
]]></system-out>
  </testcase>
  <testcase name="Criar simulado com disciplinas vinculadas" classname="Criar simulado com disciplinas vinculadas" time="0.006">
    <system-out><![CDATA[
Scenario: Criar simulado com disciplinas vinculadas &amp#27;[90m# features/criar_simulado.feature:3&amp#27;[0m
]]></system-out>
  </testcase>
  <testcase name="Não permitir criar simulado sem disciplinas" classname="Criar simulado com disciplinas vinculadas" time="0.009">
    <system-out><![CDATA[
Scenario: NÃ£o permitir criar simulado sem disciplinas &amp#27;[90m# features/criar_simulado.feature:8&amp#27;[0m
]]></system-out>
  </testcase>
  <testcase name="Definir peso válido para disciplina" classname="Definir peso e disciplina no simulado" time="0.009">
    <system-out><![CDATA[
Scenario: Definir peso vÃ¡lido para disciplina &amp#27;[90m# features/definir_peso_disciplina.feature:3&amp#27;[0m
]]></system-out>
  </testcase>
  <testcase name="Não permitir peso inválido" classname="Definir peso e disciplina no simulado" time="0.007">
    <system-out><![CDATA[
Scenario: NÃ£o permitir peso invÃ¡lido &amp#27;[90m# features/definir_peso_disciplina.feature:8&amp#27;[0m
]]></system-out>
  </testcase>
  <testcase name="Gerar ranking com alunos ordenados" classname="Gerar ranking" time="0.004">
    <system-out><![CDATA[
Scenario: Gerar ranking com alunos ordenados &amp#27;[90m# features/gerar_ranking.feature:3&amp#27;[0m
]]></system-out>
  </testcase>
  <testcase name="Não gerar ranking sem notas" classname="Gerar ranking" time="0.011">
    <system-out><![CDATA[
Scenario: NÃ£o gerar ranking sem notas &amp#27;[90m# features/gerar_ranking.feature:8&amp#27;[0m
]]></system-out>
  </testcase>
  <testcase name="Lançar nota válida" classname="Lançar nota individual" time="0.005">
    <system-out><![CDATA[
Scenario: LanÃ§ar nota vÃ¡lida &amp#27;[90m# features/lancar_nota.feature:3&amp#27;[0m
]]></system-out>
  </testcase>
  <testcase name="Não permitir nota inválida" classname="Lançar nota individual" time="0.009">
    <system-out><![CDATA[
Scenario: NÃ£o permitir nota invÃ¡lida &amp#27;[90m# features/lancar_nota.feature:8&amp#27;[0m
]]></system-out>
  </testcase>
  <testcase name="Solicitar retificação com justificativa" classname="Solicitar retificação de nota" time="0.005">
    <system-out><![CDATA[
Scenario: Solicitar retificaÃ§Ã£o com justificativa &amp#27;[90m# features/solicitar_retificacao_nota.feature:3&amp#27;[0m
]]></system-out>
  </testcase>
  <testcase name="Não permitir solicitação sem justificativa" classname="Solicitar retificação de nota" time="0.007">
    <system-out><![CDATA[
Scenario: NÃ£o permitir solicitaÃ§Ã£o sem justificativa &amp#27;[90m# features/solicitar_retificacao_nota.feature:8&amp#27;[0m
]]></system-out>
  </testcase>
  <testcase name="Vincular aluno a uma turma com sucesso" classname="Vincular aluno à turma" time="0.005">
    <system-out><![CDATA[
Scenario: Vincular aluno a uma turma com sucesso &amp#27;[90m# features/vincular_aluno_turma.feature:3&amp#27;[0m
]]></system-out>
  </testcase>
  <testcase name="Não permitir vincular aluno já vinculado a outra turma" classname="Vincular aluno à turma" time="0.005">
    <system-out><![CDATA[
Scenario: NÃ£o permitir vincular aluno jÃ¡ vinculado a outra turma &amp#27;[90m# features/vincular_aluno_turma.feature:8&amp#27;[0m
]]></system-out>
  </testcase>
  <testcase name="Vincular responsável ao aluno" classname="Vincular ou desvincular responsável" time="0.006">
    <system-out><![CDATA[
Scenario: Vincular responsÃ¡vel ao aluno &amp#27;[90m# features/vincular_responsavel.feature:3&amp#27;[0m
]]></system-out>
  </testcase>
  <testcase name="Não permitir desvincular responsável inexistente" classname="Vincular ou desvincular responsável" time="0.005">
    <system-out><![CDATA[
Scenario: NÃ£o permitir desvincular responsÃ¡vel inexistente &amp#27;[90m# features/vincular_responsavel.feature:8&amp#27;[0m
]]></system-out>
  </testcase>
</testsuite>