<?xml version="1.0" encoding="UTF-8"?>
<testsuite xmlns:xsi="http://www.w3.org/2001/XMLSchema-instance" xsi:noNamespaceSchemaLocation="https://maven.apache.org/surefire/maven-surefire-plugin/xsd/surefire-test-report-3.0.xsd" version="3.0" name="br.com.acadtrack.bdd.CucumberTest" time="5.668" tests="16" errors="0" skipped="0" failures="0">
  <properties>
[...]
</properties>
  <testcase name="Calcular média com pesos definidos" classname="Calcular média ponderada" time="5.202">
    <system-out><![CDATA[
  .   ____          _            __ _ _
 /\\ / ___'_ __ _ _(_)_ __  __ _ \ \ \ \
( ( )\___ | '_ | '_| | '_ \/ _` | \ \ \ \
 \\/  ___)| |_)| | | | | || (_| |  ) ) ) )
  '  |____| .__|_| |_|_| |_\__, | / / / /
 =========|_|==============|___/=/_/_/_/

 :: Spring Boot ::                (v3.3.5)

2026-04-07T01:36:52.989-03:00  INFO 9108 --- [           main] b.c.a.bdd.CucumberSpringConfiguration    : Starting CucumberSpringConfiguration using Java 17.0.12 with PID 9108 (started by rodri in C:\Users\rodri\OneDrive\Documents\Cesar_CC_2026.1\Requisitos\AcadTrack\bdd\acadtrackbdd)
2026-04-07T01:36:52.990-03:00  INFO 9108 --- [           main] b.c.a.bdd.CucumberSpringConfiguration    : No active profile set, falling back to 1 default profile: "default"
2026-04-07T01:36:53.485-03:00  INFO 9108 --- [           main] .s.d.r.c.RepositoryConfigurationDelegate : Bootstrapping Spring Data JPA repositories in DEFAULT mode.
2026-04-07T01:36:53.531-03:00  INFO 9108 --- [           main] .s.d.r.c.RepositoryConfigurationDelegate : Finished Spring Data repository scanning in 39 ms. Found 9 JPA repository interfaces.
2026-04-07T01:36:54.213-03:00  INFO 9108 --- [           main] o.hibernate.jpa.internal.util.LogHelper  : HHH000204: Processing PersistenceUnitInfo [name: default]
2026-04-07T01:36:54.277-03:00  INFO 9108 --- [           main] org.hibernate.Version                    : HHH000412: Hibernate ORM core version 6.5.3.Final
2026-04-07T01:36:54.309-03:00  INFO 9108 --- [           main] o.h.c.internal.RegionFactoryInitiator    : HHH000026: Second-level cache disabled
2026-04-07T01:36:54.660-03:00  INFO 9108 --- [           main] o.s.o.j.p.SpringPersistenceUnitInfo      : No LoadTimeWeaver setup: ignoring JPA class transformer
2026-04-07T01:36:54.675-03:00  INFO 9108 --- [           main] com.zaxxer.hikari.HikariDataSource       : HikariPool-1 - Starting...
2026-04-07T01:36:54.873-03:00  INFO 9108 --- [           main] com.zaxxer.hikari.pool.HikariPool        : HikariPool-1 - Added connection conn0: url=jdbc:h2:mem:acadtrack user=SA
2026-04-07T01:36:54.873-03:00  INFO 9108 --- [           main] com.zaxxer.hikari.HikariDataSource       : HikariPool-1 - Start completed.
2026-04-07T01:36:55.936-03:00  INFO 9108 --- [           main] o.h.e.t.j.p.i.JtaPlatformInitiator       : HHH000489: No JTA platform available (set 'hibernate.transaction.jta.platform' to enable JTA platform integration)
Hibernate: create table aluno (id bigint generated by default as identity, email varchar(255), nome varchar(255), responsavel_id bigint, turma_id bigint, primary key (id))
Hibernate: create table disciplina (id bigint generated by default as identity, nome varchar(255), primary key (id))
Hibernate: create table nota (id bigint generated by default as identity, aluno_id bigint, disciplina_id bigint, simulado_id bigint, valor float(53) not null, primary key (id))
Hibernate: create table professor (id bigint generated by default as identity, email varchar(255), nome varchar(255), primary key (id))
Hibernate: create table responsavel (id bigint generated by default as identity, email varchar(255), nome varchar(255), primary key (id))
Hibernate: create table simulado (id bigint generated by default as identity, descricao varchar(255), primary key (id))
Hibernate: create table simulado_disciplina (id bigint generated by default as identity, disciplina_id bigint, peso float(53) not null, simulado_id bigint, primary key (id))
Hibernate: create table solicitacao_retificacao (id bigint generated by default as identity, justificativa varchar(255), nota_id bigint, status varchar(255), primary key (id))
Hibernate: create table turma (id bigint generated by default as identity, nome varchar(255), primary key (id))
2026-04-07T01:36:56.042-03:00  INFO 9108 --- [           main] j.LocalContainerEntityManagerFactoryBean : Initialized JPA EntityManagerFactory for persistence unit 'default'
2026-04-07T01:36:56.770-03:00  WARN 9108 --- [           main] JpaBaseConfiguration$JpaWebConfiguration : spring.jpa.open-in-view is enabled by default. Therefore, database queries may be performed during view rendering. Explicitly configure spring.jpa.open-in-view to disable this warning
2026-04-07T01:36:57.118-03:00  INFO 9108 --- [           main] o.s.b.a.h2.H2ConsoleAutoConfiguration    : H2 console available at '/h2-console'. Database available at 'jdbc:h2:mem:acadtrack'
2026-04-07T01:36:57.175-03:00  INFO 9108 --- [           main] b.c.a.bdd.CucumberSpringConfiguration    : Started CucumberSpringConfiguration in 4.505 seconds (process running for 5.772)

Scenario: Calcular mÃ©dia com pesos definidos &amp#27;[90m# features/calcular_media_ponderada.feature:3&amp#27;[0m
]]></system-out>
  </testcase>
  <testcase name="Não calcular média sem pesos definidos" classname="Calcular média ponderada" time="0.025">
    <system-out><![CDATA[
Scenario: NÃ£o calcular mÃ©dia sem pesos definidos &amp#27;[90m# features/calcular_media_ponderada.feature:8&amp#27;[0m
]]></system-out>
  </testcase>
  <testcase name="Criar simulado com disciplinas vinculadas" classname="Criar simulado com disciplinas vinculadas" time="0.017">
    <system-out><![CDATA[
Scenario: Criar simulado com disciplinas vinculadas &amp#27;[90m# features/criar_simulado.feature:3&amp#27;[0m
]]></system-out>
  </testcase>
  <testcase name="Não permitir criar simulado sem disciplinas" classname="Criar simulado com disciplinas vinculadas" time="0.015">
    <system-out><![CDATA[
Scenario: NÃ£o permitir criar simulado sem disciplinas &amp#27;[90m# features/criar_simulado.feature:8&amp#27;[0m
]]></system-out>
  </testcase>
  <testcase name="Definir peso válido para disciplina" classname="Definir peso e disciplina no simulado" time="0.011">
    <system-out><![CDATA[
Scenario: Definir peso vÃ¡lido para disciplina &amp#27;[90m# features/definir_peso_disciplina.feature:3&amp#27;[0m
]]></system-out>
  </testcase>
  <testcase name="Não permitir peso inválido" classname="Definir peso e disciplina no simulado" time="0.02">
    <system-out><![CDATA[
Scenario: NÃ£o permitir peso invÃ¡lido &amp#27;[90m# features/definir_peso_disciplina.feature:8&amp#27;[0m
]]></system-out>
  </testcase>
  <testcase name="Gerar ranking com alunos ordenados" classname="Gerar ranking" time="0.009">
    <system-out><![CDATA[
Scenario: Gerar ranking com alunos ordenados &amp#27;[90m# features/gerar_ranking.feature:3&amp#27;[0m
]]></system-out>
  </testcase>
  <testcase name="Não gerar ranking sem notas" classname="Gerar ranking" time="0.018">
    <system-out><![CDATA[
Scenario: NÃ£o gerar ranking sem notas &amp#27;[90m# features/gerar_ranking.feature:8&amp#27;[0m
]]></system-out>
  </testcase>
  <testcase name="Lançar nota válida" classname="Lançar nota individual" time="0.005">
    <system-out><![CDATA[
Scenario: LanÃ§ar nota vÃ¡lida &amp#27;[90m# features/lancar_nota.feature:3&amp#27;[0m
]]></system-out>
  </testcase>
  <testcase name="Não permitir nota inválida" classname="Lançar nota individual" time="0.018">
    <system-out><![CDATA[
Scenario: NÃ£o permitir nota invÃ¡lida &amp#27;[90m# features/lancar_nota.feature:8&amp#27;[0m
]]></system-out>
  </testcase>
  <testcase name="Solicitar retificação com justificativa válida" classname="Solicitar retificação de nota" time="0.023">
    <system-out><![CDATA[
Scenario: Solicitar retificaÃ§Ã£o com justificativa vÃ¡lida &amp#27;[90m# features/solicitar_retificacao_nota.feature:3&amp#27;[0m
]]></system-out>
  </testcase>
  <testcase name="Não permitir solicitação sem justificativa" classname="Solicitar retificação de nota" time="0.009">
    <system-out><![CDATA[
Scenario: NÃ£o permitir solicitaÃ§Ã£o sem justificativa &amp#27;[90m# features/solicitar_retificacao_nota.feature:8&amp#27;[0m
]]></system-out>
  </testcase>
  <testcase name="Vincular aluno a uma turma com sucesso" classname="Vincular aluno à turma" time="0.012">
    <system-out><![CDATA[
Scenario: Vincular aluno a uma turma com sucesso &amp#27;[90m# features/vincular_aluno_turma.feature:3&amp#27;[0m
]]></system-out>
  </testcase>
  <testcase name="Não permitir vincular aluno já vinculado a outra turma" classname="Vincular aluno à turma" time="0.008">
    <system-out><![CDATA[
Scenario: NÃ£o permitir vincular aluno jÃ¡ vinculado a outra turma &amp#27;[90m# features/vincular_aluno_turma.feature:8&amp#27;[0m
]]></system-out>
  </testcase>
  <testcase name="Vincular responsável ao aluno" classname="Vincular ou desvincular responsável" time="0.014">
    <system-out><![CDATA[
Scenario: Vincular responsÃ¡vel ao aluno &amp#27;[90m# features/vincular_responsavel.feature:3&amp#27;[0m
]]></system-out>
  </testcase>
  <testcase name="Não permitir desvincular responsável inexistente" classname="Vincular ou desvincular responsável" time="0.016">
    <system-out><![CDATA[
Scenario: NÃ£o permitir desvincular responsÃ¡vel inexistente &amp#27;[90m# features/vincular_responsavel.feature:8&amp#27;[0m
]]></system-out>
  </testcase>
</testsuite>